[2023-04-13T20:00:16.714+0000] {taskinstance.py:1090} INFO - Dependencies all met for dep_context=non-requeueable deps ti=<TaskInstance: weather_dag.inject_data_Zhmerynka scheduled__2023-04-13T19:00:00+00:00 [queued]>
[2023-04-13T20:00:16.770+0000] {taskinstance.py:1090} INFO - Dependencies all met for dep_context=requeueable deps ti=<TaskInstance: weather_dag.inject_data_Zhmerynka scheduled__2023-04-13T19:00:00+00:00 [queued]>
[2023-04-13T20:00:16.778+0000] {taskinstance.py:1288} INFO - 
--------------------------------------------------------------------------------
[2023-04-13T20:00:16.781+0000] {taskinstance.py:1289} INFO - Starting attempt 1 of 1
[2023-04-13T20:00:16.788+0000] {taskinstance.py:1290} INFO - 
--------------------------------------------------------------------------------
[2023-04-13T20:00:16.882+0000] {taskinstance.py:1309} INFO - Executing <Task(SqliteOperator): inject_data_Zhmerynka> on 2023-04-13 19:00:00+00:00
[2023-04-13T20:00:16.901+0000] {standard_task_runner.py:55} INFO - Started process 6159 to run task
[2023-04-13T20:00:16.926+0000] {standard_task_runner.py:82} INFO - Running: ['***', 'tasks', 'run', 'weather_dag', 'inject_data_Zhmerynka', 'scheduled__2023-04-13T19:00:00+00:00', '--job-id', '235', '--raw', '--subdir', 'DAGS_FOLDER/weather_dag.py', '--cfg-path', '/tmp/tmpgtryp2t0']
[2023-04-13T20:00:16.935+0000] {standard_task_runner.py:83} INFO - Job 235: Subtask inject_data_Zhmerynka
[2023-04-13T20:00:17.228+0000] {task_command.py:389} INFO - Running <TaskInstance: weather_dag.inject_data_Zhmerynka scheduled__2023-04-13T19:00:00+00:00 [running]> on host ffea11fb791c
[2023-04-13T20:00:17.351+0000] {abstractoperator.py:615} ERROR - Exception rendering Jinja template for task 'inject_data_Zhmerynka', field 'sql'. Template: '\n            INSERT INTO measures_ext (timestamp, temp, humidity, cloudiness, wind_speed) VALUES\n            ({{ti.xcom_pull(task_ids=transform_task_id)[0]}},\n            {{ti.xcom_pull(task_ids=transform_task_id)[1]}},\n            {{ti.xcom_pull(task_ids=transform_task_id)[2]}},\n            "{{ti.xcom_pull(task_ids=transform_task_id)[3]}}",\n            {{ti.xcom_pull(task_ids=transform_task_id)[4]}});\n            '
Traceback (most recent call last):
  File "/home/airflow/.local/lib/python3.7/site-packages/airflow/models/abstractoperator.py", line 607, in _do_render_template_fields
    seen_oids,
  File "/home/airflow/.local/lib/python3.7/site-packages/airflow/models/abstractoperator.py", line 665, in render_template
    return render_template_to_string(template, context)
  File "/home/airflow/.local/lib/python3.7/site-packages/airflow/utils/helpers.py", line 288, in render_template_to_string
    return render_template(template, cast(MutableMapping[str, Any], context), native=False)
  File "/home/airflow/.local/lib/python3.7/site-packages/airflow/utils/helpers.py", line 283, in render_template
    return "".join(nodes)
  File "<template>", line 14, in root
  File "/home/airflow/.local/lib/python3.7/site-packages/jinja2/sandbox.py", line 393, in call
    return __context.call(__obj, *args, **kwargs)
  File "/home/airflow/.local/lib/python3.7/site-packages/jinja2/runtime.py", line 298, in call
    return __obj(*args, **kwargs)
  File "/home/airflow/.local/lib/python3.7/site-packages/airflow/utils/session.py", line 75, in wrapper
    return func(*args, session=session, **kwargs)
  File "/home/airflow/.local/lib/python3.7/site-packages/airflow/models/taskinstance.py", line 2360, in xcom_pull
    session=session,
  File "/home/airflow/.local/lib/python3.7/site-packages/airflow/utils/session.py", line 72, in wrapper
    return func(*args, **kwargs)
  File "/home/airflow/.local/lib/python3.7/site-packages/airflow/models/xcom.py", line 491, in get_many
    query = query.filter(cls.task_id.in_(task_ids))
  File "/home/airflow/.local/lib/python3.7/site-packages/sqlalchemy/sql/operators.py", line 641, in in_
    return self.operate(in_op, other)
  File "/home/airflow/.local/lib/python3.7/site-packages/sqlalchemy/orm/attributes.py", line 317, in operate
    return op(self.comparator, *other, **kwargs)
  File "/home/airflow/.local/lib/python3.7/site-packages/sqlalchemy/sql/operators.py", line 1423, in in_op
    return a.in_(b)
  File "/home/airflow/.local/lib/python3.7/site-packages/sqlalchemy/sql/operators.py", line 641, in in_
    return self.operate(in_op, other)
  File "/home/airflow/.local/lib/python3.7/site-packages/sqlalchemy/orm/properties.py", line 426, in operate
    return op(self.__clause_element__(), *other, **kwargs)
  File "/home/airflow/.local/lib/python3.7/site-packages/sqlalchemy/sql/operators.py", line 1423, in in_op
    return a.in_(b)
  File "/home/airflow/.local/lib/python3.7/site-packages/sqlalchemy/sql/operators.py", line 641, in in_
    return self.operate(in_op, other)
  File "/home/airflow/.local/lib/python3.7/site-packages/sqlalchemy/sql/elements.py", line 870, in operate
    return op(self.comparator, *other, **kwargs)
  File "/home/airflow/.local/lib/python3.7/site-packages/sqlalchemy/sql/operators.py", line 1423, in in_op
    return a.in_(b)
  File "/home/airflow/.local/lib/python3.7/site-packages/sqlalchemy/sql/operators.py", line 641, in in_
    return self.operate(in_op, other)
  File "/home/airflow/.local/lib/python3.7/site-packages/sqlalchemy/sql/type_api.py", line 77, in operate
    return o[0](self.expr, op, *(other + o[1:]), **kwargs)
  File "/home/airflow/.local/lib/python3.7/site-packages/sqlalchemy/sql/default_comparator.py", line 160, in _in_impl
    roles.InElementRole, seq_or_selectable, expr=expr, operator=op
  File "/home/airflow/.local/lib/python3.7/site-packages/sqlalchemy/sql/coercions.py", line 194, in expect
    element, argname=argname, **kw
  File "/home/airflow/.local/lib/python3.7/site-packages/sqlalchemy/sql/coercions.py", line 573, in _literal_coercion
    element = list(element)
  File "/home/airflow/.local/lib/python3.7/site-packages/jinja2/runtime.py", line 852, in _fail_with_undefined_error
    raise self._undefined_exception(self._undefined_message)
jinja2.exceptions.UndefinedError: 'transform_task_id' is undefined
[2023-04-13T20:00:17.386+0000] {taskinstance.py:1776} ERROR - Task failed with exception
Traceback (most recent call last):
  File "/home/airflow/.local/lib/python3.7/site-packages/airflow/models/taskinstance.py", line 1383, in _run_raw_task
    self._execute_task_with_callbacks(context, test_mode)
  File "/home/airflow/.local/lib/python3.7/site-packages/airflow/models/taskinstance.py", line 1502, in _execute_task_with_callbacks
    task_orig = self.render_templates(context=context)
  File "/home/airflow/.local/lib/python3.7/site-packages/airflow/models/taskinstance.py", line 2123, in render_templates
    original_task.render_template_fields(context)
  File "/home/airflow/.local/lib/python3.7/site-packages/airflow/models/baseoperator.py", line 1179, in render_template_fields
    self._do_render_template_fields(self, self.template_fields, context, jinja_env, set())
  File "/home/airflow/.local/lib/python3.7/site-packages/airflow/utils/session.py", line 75, in wrapper
    return func(*args, session=session, **kwargs)
  File "/home/airflow/.local/lib/python3.7/site-packages/airflow/models/abstractoperator.py", line 607, in _do_render_template_fields
    seen_oids,
  File "/home/airflow/.local/lib/python3.7/site-packages/airflow/models/abstractoperator.py", line 665, in render_template
    return render_template_to_string(template, context)
  File "/home/airflow/.local/lib/python3.7/site-packages/airflow/utils/helpers.py", line 288, in render_template_to_string
    return render_template(template, cast(MutableMapping[str, Any], context), native=False)
  File "/home/airflow/.local/lib/python3.7/site-packages/airflow/utils/helpers.py", line 283, in render_template
    return "".join(nodes)
  File "<template>", line 14, in root
  File "/home/airflow/.local/lib/python3.7/site-packages/jinja2/sandbox.py", line 393, in call
    return __context.call(__obj, *args, **kwargs)
  File "/home/airflow/.local/lib/python3.7/site-packages/jinja2/runtime.py", line 298, in call
    return __obj(*args, **kwargs)
  File "/home/airflow/.local/lib/python3.7/site-packages/airflow/utils/session.py", line 75, in wrapper
    return func(*args, session=session, **kwargs)
  File "/home/airflow/.local/lib/python3.7/site-packages/airflow/models/taskinstance.py", line 2360, in xcom_pull
    session=session,
  File "/home/airflow/.local/lib/python3.7/site-packages/airflow/utils/session.py", line 72, in wrapper
    return func(*args, **kwargs)
  File "/home/airflow/.local/lib/python3.7/site-packages/airflow/models/xcom.py", line 491, in get_many
    query = query.filter(cls.task_id.in_(task_ids))
  File "/home/airflow/.local/lib/python3.7/site-packages/sqlalchemy/sql/operators.py", line 641, in in_
    return self.operate(in_op, other)
  File "/home/airflow/.local/lib/python3.7/site-packages/sqlalchemy/orm/attributes.py", line 317, in operate
    return op(self.comparator, *other, **kwargs)
  File "/home/airflow/.local/lib/python3.7/site-packages/sqlalchemy/sql/operators.py", line 1423, in in_op
    return a.in_(b)
  File "/home/airflow/.local/lib/python3.7/site-packages/sqlalchemy/sql/operators.py", line 641, in in_
    return self.operate(in_op, other)
  File "/home/airflow/.local/lib/python3.7/site-packages/sqlalchemy/orm/properties.py", line 426, in operate
    return op(self.__clause_element__(), *other, **kwargs)
  File "/home/airflow/.local/lib/python3.7/site-packages/sqlalchemy/sql/operators.py", line 1423, in in_op
    return a.in_(b)
  File "/home/airflow/.local/lib/python3.7/site-packages/sqlalchemy/sql/operators.py", line 641, in in_
    return self.operate(in_op, other)
  File "/home/airflow/.local/lib/python3.7/site-packages/sqlalchemy/sql/elements.py", line 870, in operate
    return op(self.comparator, *other, **kwargs)
  File "/home/airflow/.local/lib/python3.7/site-packages/sqlalchemy/sql/operators.py", line 1423, in in_op
    return a.in_(b)
  File "/home/airflow/.local/lib/python3.7/site-packages/sqlalchemy/sql/operators.py", line 641, in in_
    return self.operate(in_op, other)
  File "/home/airflow/.local/lib/python3.7/site-packages/sqlalchemy/sql/type_api.py", line 77, in operate
    return o[0](self.expr, op, *(other + o[1:]), **kwargs)
  File "/home/airflow/.local/lib/python3.7/site-packages/sqlalchemy/sql/default_comparator.py", line 160, in _in_impl
    roles.InElementRole, seq_or_selectable, expr=expr, operator=op
  File "/home/airflow/.local/lib/python3.7/site-packages/sqlalchemy/sql/coercions.py", line 194, in expect
    element, argname=argname, **kw
  File "/home/airflow/.local/lib/python3.7/site-packages/sqlalchemy/sql/coercions.py", line 573, in _literal_coercion
    element = list(element)
  File "/home/airflow/.local/lib/python3.7/site-packages/jinja2/runtime.py", line 852, in _fail_with_undefined_error
    raise self._undefined_exception(self._undefined_message)
jinja2.exceptions.UndefinedError: 'transform_task_id' is undefined
[2023-04-13T20:00:17.427+0000] {taskinstance.py:1332} INFO - Marking task as FAILED. dag_id=weather_dag, task_id=inject_data_Zhmerynka, execution_date=20230413T190000, start_date=20230413T200016, end_date=20230413T200017
[2023-04-13T20:00:17.457+0000] {standard_task_runner.py:105} ERROR - Failed to execute job 235 for task inject_data_Zhmerynka ('transform_task_id' is undefined; 6159)
[2023-04-13T20:00:17.514+0000] {local_task_job.py:212} INFO - Task exited with return code 1
[2023-04-13T20:00:17.557+0000] {taskinstance.py:2596} INFO - 0 downstream tasks scheduled from follow-on schedule check
